cargo :    Compiling proc-macro2 v1.0.106
No linha:1 caractere:54
+ ... GET_DIR="../target-cli"; cargo check 
--color never 2> build_error.log
+                              
~~~~~~~~~~~~~~~~~~~~~~~~~~~~~~~~~~~~~~~~~~~~
    + CategoryInfo          : NotSpecified: (   
Comp    iling proc-macro2 v1.0.106:String) [], 
RemoteExc    eption
    + FullyQualifiedErrorId : NativeCommandError
 
   Compiling thiserror v2.0.18
   Compiling zerocopy v0.8.47
    Checking serde_core v1.0.228
   Compiling phf_shared v0.11.3
   Compiling typenum v1.19.0
   Compiling parking_lot_core v0.9.12
   Compiling zmij v1.0.21
   Compiling serde v1.0.228
   Compiling generic-array v0.14.7
   Compiling smallvec v1.15.1
   Compiling shlex v1.3.0
    Checking stable_deref_trait v1.2.1
   Compiling siphasher v0.3.11
   Compiling find-msvc-tools v0.1.9
   Compiling getrandom v0.1.16
   Compiling windows-link v0.2.1
   Compiling typeid v1.0.3
   Compiling strsim v0.11.1
   Compiling memchr v2.8.0
   Compiling writeable v0.6.2
   Compiling quote v1.0.45
   Compiling cc v1.2.57
   Compiling itoa v1.0.18
   Compiling rand_core v0.5.1
   Compiling syn v2.0.117
   Compiling syn v1.0.109
   Compiling litemap v0.8.1
   Compiling ident_case v1.0.1
    Checking windows-sys v0.61.2
   Compiling windows_x86_64_msvc v0.52.6
   Compiling erased-serde v0.4.10
   Compiling thiserror v1.0.69
   Compiling rand_pcg v0.2.1
error: failed to remove C:\Users\dent_\Desktop\Pr
ojetos\009---Programa-Plano-de-Corte-\src-tauri\.
./target-cli\debug\build\syn-924e20929bd9a232\bui
ld_script_build-924e20929bd9a232.build_script_bui
ld.ee4670e7159ab743-cgu.0.rcgu.o: O arquivo j├í 
est├í sendo usado por outro processo. (os error 
32)

error: could not compile `syn` (build script) 
due to 1 previous error
warning: build failed, waiting for other jobs to 
finish...
